[debug] [2019-02-05T19:21:43.155Z] ----------------------------------------------------------------------
[debug] [2019-02-05T19:21:43.157Z] Command:       /usr/local/bin/node /usr/local/bin/firebase deploy
[debug] [2019-02-05T19:21:43.158Z] CLI Version:   6.3.1
[debug] [2019-02-05T19:21:43.158Z] Platform:      darwin
[debug] [2019-02-05T19:21:43.158Z] Node Version:  v10.10.0
[debug] [2019-02-05T19:21:43.159Z] Time:          Tue Feb 05 2019 13:21:43 GMT-0600 (Central Standard Time)
[debug] [2019-02-05T19:21:43.159Z] ----------------------------------------------------------------------
[debug] 
[debug] [2019-02-05T19:21:43.181Z] > command requires scopes: ["email","openid","https://www.googleapis.com/auth/cloudplatformprojects.readonly","https://www.googleapis.com/auth/firebase","https://www.googleapis.com/auth/cloud-platform"]
[debug] [2019-02-05T19:21:43.181Z] > authorizing via signed-in user
[debug] [2019-02-05T19:21:43.181Z] [iam] checking project my-project-managment-app for permissions ["cloudfunctions.functions.create","cloudfunctions.functions.delete","cloudfunctions.functions.get","cloudfunctions.functions.list","cloudfunctions.functions.update","cloudfunctions.operations.get","firebase.projects.get","firebasehosting.sites.update"]
[debug] [2019-02-05T19:21:43.183Z] > refreshing access token with scopes: ["email","https://www.googleapis.com/auth/cloud-platform","https://www.googleapis.com/auth/cloudplatformprojects.readonly","https://www.googleapis.com/auth/firebase","openid"]
[debug] [2019-02-05T19:21:43.183Z] >>> HTTP REQUEST POST https://www.googleapis.com/oauth2/v3/token  
 <request body omitted>
[debug] [2019-02-05T19:21:43.339Z] <<< HTTP RESPONSE 200
[debug] [2019-02-05T19:21:43.354Z] >>> HTTP REQUEST POST https://cloudresourcemanager.googleapis.com/v1/projects/my-project-managment-app:testIamPermissions  

[debug] [2019-02-05T19:21:43.514Z] <<< HTTP RESPONSE 200
[debug] [2019-02-05T19:21:43.516Z] >>> HTTP REQUEST GET https://firebase.googleapis.com/v1beta1/projects/my-project-managment-app  
 
[debug] [2019-02-05T19:21:43.685Z] <<< HTTP RESPONSE 200
[info] 
[info] === Deploying to 'my-project-managment-app'...
[info] 
[info] i  deploying functions, hosting
[debug] [2019-02-05T19:21:46.706Z] > [functions] package.json contents: {
  "name": "functions",
  "description": "Cloud Functions for Firebase",
  "scripts": {
    "serve": "firebase serve --only functions",
    "shell": "firebase functions:shell",
    "start": "npm run shell",
    "deploy": "firebase deploy --only functions",
    "logs": "firebase functions:log"
  },
  "dependencies": {
    "firebase-admin": "~7.0.0",
    "firebase-functions": "^2.2.0"
  },
  "private": true
}
[info] i  functions: ensuring necessary APIs are enabled...
[debug] [2019-02-05T19:21:46.709Z] >>> HTTP REQUEST GET https://servicemanagement.googleapis.com/v1/services/cloudfunctions.googleapis.com/projectSettings/my-project-managment-app?view=CONSUMER_VIEW  
 
[debug] [2019-02-05T19:21:46.710Z] >>> HTTP REQUEST GET https://servicemanagement.googleapis.com/v1/services/runtimeconfig.googleapis.com/projectSettings/my-project-managment-app?view=CONSUMER_VIEW  
 
[debug] [2019-02-05T19:21:47.415Z] <<< HTTP RESPONSE 200
[debug] [2019-02-05T19:21:47.442Z] <<< HTTP RESPONSE 200
[info] ✔  functions: all necessary APIs are enabled
[debug] [2019-02-05T19:21:47.444Z] >>> HTTP REQUEST GET https://cloudresourcemanager.googleapis.com/v1/projects/my-project-managment-app  
 
[debug] [2019-02-05T19:21:47.581Z] <<< HTTP RESPONSE 200
[debug] [2019-02-05T19:21:47.581Z] >>> HTTP REQUEST GET https://mobilesdk-pa.googleapis.com/v1/projects/392407288271:getServerAppConfig  
 
[debug] [2019-02-05T19:21:47.676Z] <<< HTTP RESPONSE 200
[debug] [2019-02-05T19:21:47.677Z] >>> HTTP REQUEST POST https://firebasehosting.googleapis.com/v1beta1/sites/my-project-managment-app/versions  

[debug] [2019-02-05T19:21:57.882Z] <<< HTTP RESPONSE 503
[debug] [2019-02-05T19:21:57.882Z] <<< HTTP RESPONSE BODY
[error] 
[error] Error: HTTP Error: 503, The service is currently unavailable.
[debug] [2019-02-05T19:21:57.944Z] Error Context: {
  "body": {
    "error": {
      "code": 503,
      "message": "The service is currently unavailable.",
      "status": "UNAVAILABLE"
    }
  },
  "response": {
    "statusCode": 503,
    "body": {
      "error": {
        "code": 503,
        "message": "The service is currently unavailable.",
        "status": "UNAVAILABLE"
      }
    },
    "headers": {
      "vary": "X-Origin, Referer, Origin,Accept-Encoding",
      "content-type": "application/json; charset=UTF-8",
      "date": "Tue, 05 Feb 2019 19:21:57 GMT",
      "server": "ESF",
      "cache-control": "private",
      "x-xss-protection": "1; mode=block",
      "x-frame-options": "SAMEORIGIN",
      "x-content-type-options": "nosniff",
      "alt-svc": "quic=\":443\"; ma=2592000; v=\"44,43,39\"",
      "accept-ranges": "none",
      "transfer-encoding": "chunked"
    },
    "request": {
      "uri": {
        "protocol": "https:",
        "slashes": true,
        "auth": null,
        "host": "firebasehosting.googleapis.com",
        "port": 443,
        "hostname": "firebasehosting.googleapis.com",
        "hash": null,
        "search": null,
        "query": null,
        "pathname": "/v1beta1/sites/my-project-managment-app/versions",
        "path": "/v1beta1/sites/my-project-managment-app/versions",
        "href": "https://firebasehosting.googleapis.com/v1beta1/sites/my-project-managment-app/versions"
      },
      "method": "POST"
    }
  }
}
[debug] [2019-02-05T19:27:44.757Z] ----------------------------------------------------------------------
[debug] [2019-02-05T19:27:44.761Z] Command:       /usr/local/bin/node /usr/local/bin/firebase deploy
[debug] [2019-02-05T19:27:44.762Z] CLI Version:   6.3.1
[debug] [2019-02-05T19:27:44.762Z] Platform:      darwin
[debug] [2019-02-05T19:27:44.762Z] Node Version:  v10.10.0
[debug] [2019-02-05T19:27:44.764Z] Time:          Tue Feb 05 2019 13:27:44 GMT-0600 (Central Standard Time)
[debug] [2019-02-05T19:27:44.764Z] ----------------------------------------------------------------------
[debug] 
[debug] [2019-02-05T19:27:44.782Z] > command requires scopes: ["email","openid","https://www.googleapis.com/auth/cloudplatformprojects.readonly","https://www.googleapis.com/auth/firebase","https://www.googleapis.com/auth/cloud-platform"]
[debug] [2019-02-05T19:27:44.783Z] > authorizing via signed-in user
[debug] [2019-02-05T19:27:44.783Z] [iam] checking project my-project-managment-app for permissions ["cloudfunctions.functions.create","cloudfunctions.functions.delete","cloudfunctions.functions.get","cloudfunctions.functions.list","cloudfunctions.functions.update","cloudfunctions.operations.get","firebase.projects.get","firebasehosting.sites.update"]
[debug] [2019-02-05T19:27:44.785Z] >>> HTTP REQUEST POST https://cloudresourcemanager.googleapis.com/v1/projects/my-project-managment-app:testIamPermissions  

[debug] [2019-02-05T19:27:44.982Z] <<< HTTP RESPONSE 200
[debug] [2019-02-05T19:27:44.985Z] >>> HTTP REQUEST GET https://firebase.googleapis.com/v1beta1/projects/my-project-managment-app  
 
[debug] [2019-02-05T19:27:45.199Z] <<< HTTP RESPONSE 200
[info] 
[info] === Deploying to 'my-project-managment-app'...
[info] 
[info] i  deploying functions, hosting
[debug] [2019-02-05T19:27:47.169Z] > [functions] package.json contents: {
  "name": "functions",
  "description": "Cloud Functions for Firebase",
  "scripts": {
    "serve": "firebase serve --only functions",
    "shell": "firebase functions:shell",
    "start": "npm run shell",
    "deploy": "firebase deploy --only functions",
    "logs": "firebase functions:log"
  },
  "dependencies": {
    "firebase-admin": "~7.0.0",
    "firebase-functions": "^2.2.0"
  },
  "private": true
}
[info] i  functions: ensuring necessary APIs are enabled...
[debug] [2019-02-05T19:27:47.170Z] >>> HTTP REQUEST GET https://servicemanagement.googleapis.com/v1/services/cloudfunctions.googleapis.com/projectSettings/my-project-managment-app?view=CONSUMER_VIEW  
 
[debug] [2019-02-05T19:27:47.171Z] >>> HTTP REQUEST GET https://servicemanagement.googleapis.com/v1/services/runtimeconfig.googleapis.com/projectSettings/my-project-managment-app?view=CONSUMER_VIEW  
 
[debug] [2019-02-05T19:27:47.884Z] <<< HTTP RESPONSE 200
[debug] [2019-02-05T19:27:47.889Z] <<< HTTP RESPONSE 200
[info] ✔  functions: all necessary APIs are enabled
[debug] [2019-02-05T19:27:47.890Z] >>> HTTP REQUEST GET https://cloudresourcemanager.googleapis.com/v1/projects/my-project-managment-app  
 
[debug] [2019-02-05T19:27:48.026Z] <<< HTTP RESPONSE 200
[debug] [2019-02-05T19:27:48.027Z] >>> HTTP REQUEST GET https://mobilesdk-pa.googleapis.com/v1/projects/392407288271:getServerAppConfig  
 
[debug] [2019-02-05T19:27:48.107Z] <<< HTTP RESPONSE 200
[debug] [2019-02-05T19:27:48.109Z] >>> HTTP REQUEST POST https://firebasehosting.googleapis.com/v1beta1/sites/my-project-managment-app/versions  

[debug] [2019-02-05T19:27:58.328Z] <<< HTTP RESPONSE 503
[debug] [2019-02-05T19:27:58.328Z] <<< HTTP RESPONSE BODY
[error] 
[error] Error: HTTP Error: 503, The service is currently unavailable.
[debug] [2019-02-05T19:27:58.385Z] Error Context: {
  "body": {
    "error": {
      "code": 503,
      "message": "The service is currently unavailable.",
      "status": "UNAVAILABLE"
    }
  },
  "response": {
    "statusCode": 503,
    "body": {
      "error": {
        "code": 503,
        "message": "The service is currently unavailable.",
        "status": "UNAVAILABLE"
      }
    },
    "headers": {
      "vary": "X-Origin, Referer, Origin,Accept-Encoding",
      "content-type": "application/json; charset=UTF-8",
      "date": "Tue, 05 Feb 2019 19:27:58 GMT",
      "server": "ESF",
      "cache-control": "private",
      "x-xss-protection": "1; mode=block",
      "x-frame-options": "SAMEORIGIN",
      "x-content-type-options": "nosniff",
      "alt-svc": "quic=\":443\"; ma=2592000; v=\"44,43,39\"",
      "accept-ranges": "none",
      "transfer-encoding": "chunked"
    },
    "request": {
      "uri": {
        "protocol": "https:",
        "slashes": true,
        "auth": null,
        "host": "firebasehosting.googleapis.com",
        "port": 443,
        "hostname": "firebasehosting.googleapis.com",
        "hash": null,
        "search": null,
        "query": null,
        "pathname": "/v1beta1/sites/my-project-managment-app/versions",
        "path": "/v1beta1/sites/my-project-managment-app/versions",
        "href": "https://firebasehosting.googleapis.com/v1beta1/sites/my-project-managment-app/versions"
      },
      "method": "POST"
    }
  }
}
